<?xml version="1.0" encoding="UTF-8"?>
<!-- Generated by org.testng.reporters.JUnitReportReporter -->
<testsuite hostname="21f622b671f653a" failures="0" tests="1" name="com.org.test.E2ETest" time="1.608" errors="0" timestamp="25 Sep 2023 08:35:29 GMT" skipped="0">
  <testcase classname="com.org.test.E2ETest" name="checkoutE2E" time="1.608"/>
</testsuite> <!-- com.org.test.E2ETest -->
