<?xml version="1.0" encoding="UTF-8"?>
<!-- Generated by org.testng.reporters.JUnitReportReporter -->
<testsuite hostname="21f622b671f653a" failures="0" tests="1" name="com.virtusa.test.E2ETest" time="1.351" errors="0" timestamp="25 Sep 2023 07:37:34 GMT" skipped="0">
  <testcase classname="com.virtusa.test.E2ETest" name="checkoutE2E" time="1.351"/>
</testsuite> <!-- com.virtusa.test.E2ETest -->
