<?xml version="1.0" encoding="UTF-8"?>
<!-- Generated by org.testng.reporters.JUnitReportReporter -->
<testsuite hostname="21f622b671f653a" failures="0" tests="2" name="com.org.test.APITest" time="2.245" errors="0" timestamp="25 Sep 2023 09:54:02 GMT" skipped="0">
  <testcase classname="com.org.test.APITest" name="verifyPostJsonPayloadForCorrectData" time="1.844"/>
  <testcase classname="com.org.test.APITest" name="verifyPostJsonPayloadForInCorrectData" time="0.401"/>
</testsuite> <!-- com.org.test.APITest -->
